<?xml version="1.0" encoding="UTF-8"?>
<testng-results skipped="0" failed="0" ignored="0" total="1" passed="1">
  <reporter-output>
  </reporter-output>
  <suite name="Default suite" duration-ms="62124" started-at="2020-10-13T13:01:02 IST" finished-at="2020-10-13T13:02:04 IST">
    <groups>
    </groups>
    <test name="Default test" duration-ms="62124" started-at="2020-10-13T13:01:02 IST" finished-at="2020-10-13T13:02:04 IST">
      <class name="testscripts.DriverScript">
        <test-method status="PASS" signature="initialize()[pri:0, instance:testscripts.DriverScript@65f095f8]" name="initialize" is-config="true" duration-ms="154" started-at="2020-10-13T13:01:02 IST" finished-at="2020-10-13T13:01:02 IST">
          <reporter-output>
          </reporter-output>
        </test-method> <!-- initialize -->
        <test-method status="PASS" signature="testApp()[pri:0, instance:testscripts.DriverScript@65f095f8]" name="testApp" duration-ms="61287" started-at="2020-10-13T13:01:02 IST" finished-at="2020-10-13T13:02:04 IST">
          <reporter-output>
          </reporter-output>
        </test-method> <!-- testApp -->
        <test-method status="PASS" signature="endScript()[pri:0, instance:testscripts.DriverScript@65f095f8]" name="endScript" is-config="true" duration-ms="623" started-at="2020-10-13T13:02:04 IST" finished-at="2020-10-13T13:02:04 IST">
          <reporter-output>
          </reporter-output>
        </test-method> <!-- endScript -->
      </class> <!-- testscripts.DriverScript -->
    </test> <!-- Default test -->
  </suite> <!-- Default suite -->
</testng-results>
